<?xml version="1.0" encoding="UTF-8"?>
<testng-results skipped="0" failed="0" total="0" passed="0">
  <reporter-output>
  </reporter-output>
  <suite name="Test.com.test.AppTest" duration-ms="7" started-at="2017-01-02T12:09:38Z" finished-at="2017-01-02T12:09:38Z">
    <groups>
    </groups>
    <test name="Command line test" duration-ms="7" started-at="2017-01-02T12:09:38Z" finished-at="2017-01-02T12:09:38Z">
    </test> <!-- Command line test -->
  </suite> <!-- Test.com.test.AppTest -->
</testng-results>
