<?xml version="1.0" encoding="UTF-8"?>
<!-- Generated by org.testng.reporters.JUnitXMLReporter -->
<testsuite hostname="CouponDunia" name="Command line test" tests="2" failures="1" timestamp="2 Jan 2017 11:58:09 GMT" time="29.552" errors="0">
  <testcase name="SuccessfullLogin" time="9.617" classname="Test.com.test.baseclass$DataProviderTest"/>
  <testcase name="Faliedlogin" time="14.591" classname="Test.com.test.baseclass$DataProviderTest">
    <failure type="java.lang.AssertionError" message=" Invalid username or Password ">
      <![CDATA[java.lang.AssertionError:  Invalid username or Password 
	at Test.com.test.login.verifyLoginSuccess(login.java:91)
	at Test.com.test.baseclass$DataProviderTest.Faliedlogin(baseclass.java:76)
	at org.apache.maven.surefire.testng.TestNGExecutor.run(TestNGExecutor.java:77)
	at org.apache.maven.surefire.testng.TestNGDirectoryTestSuite.execute(TestNGDirectoryTestSuite.java:110)
	at org.apache.maven.surefire.testng.TestNGProvider.invoke(TestNGProvider.java:106)
	at org.apache.maven.surefire.util.ReflectionUtils.invokeMethodWithArray(ReflectionUtils.java:189)
	at org.apache.maven.surefire.booter.ProviderFactory$ProviderProxy.invoke(ProviderFactory.java:165)
	at org.apache.maven.surefire.booter.ProviderFactory.invokeProvider(ProviderFactory.java:85)
	at org.apache.maven.surefire.booter.ForkedBooter.runSuitesInProcess(ForkedBooter.java:115)
	at org.apache.maven.surefire.booter.ForkedBooter.main(ForkedBooter.java:75)
... Removed 26 stack frames]]>
    </failure>
  </testcase> <!-- Faliedlogin -->
</testsuite> <!-- Command line test -->
